<?xml version="1.0" encoding="utf-8"?><testsuites name="pytest tests"><testsuite name="pytest" errors="0" failures="0" skipped="0" tests="7" time="1.260" timestamp="2026-09-18T11:49:18.664991+00:00" hostname="agent-env-f27685b0-8f52-4e69-af77-ffbfe89c06b5"><testcase classname="tests.backend_test.TestCustomers" name="test_list" time="0.222" /><testcase classname="tests.backend_test.TestActionOverrides" name="test_update_persist_and_bootstrap_reflect" time="0.383" /><testcase classname="tests.backend_test.TestCustomers" name="test_get_c001" time="0.139" /><testcase classname="tests.backend_test.TestCustomers" name="test_get_bogus_404" time="0.117" /><testcase classname="tests.backend_test.TestActionOverrides" name="test_empty_body_400" time="0.169" /><testcase classname="tests.backend_test.TestPortfolio" name="test_portfolio" time="0.138" /><testcase classname="tests.backend_test.TestBootstrap" name="test_bootstrap_keys_and_c001" time="0.157" /></testsuite></testsuites>